# JRE version: Java(TM) SE Runtime Environment (8.0_101-b13) (build 1.8.0_101-b13)
# Java VM: Java HotSpot(TM) 64-Bit Server VM (25.101-b13 mixed mode windows-amd64 compressed oops)
Heap:
 PSYoungGen      total 309760K, used 10950K [0x00000000d6e00000, 0x00000000eae80000, 0x0000000100000000)
  eden space 292352K, 0% used [0x00000000d6e00000,0x00000000d6e00000,0x00000000e8b80000)
  from space 17408K, 62% used [0x00000000e9d80000,0x00000000ea831ad0,0x00000000eae80000)
  to   space 17920K, 0% used [0x00000000e8b80000,0x00000000e8b80000,0x00000000e9d00000)
 ParOldGen       total 52224K, used 26559K [0x0000000084a00000, 0x0000000087d00000, 0x00000000d6e00000)
  object space 52224K, 50% used [0x0000000084a00000,0x00000000863eff88,0x0000000087d00000)
 Metaspace       used 34765K, capacity 35270K, committed 35416K, reserved 1079296K
  class space    used 4566K, capacity 4684K, committed 4736K, reserved 1048576K
GC Heap History (10 events):
Event: 3.009 GC heap after
Heap after GC invocations=7 (full 1):
 PSYoungGen      total 136192K, used 0K [0x00000000d6e00000, 0x00000000dfd00000, 0x0000000100000000)
  eden space 126976K, 0% used [0x00000000d6e00000,0x00000000d6e00000,0x00000000dea00000)
  from space 9216K, 0% used [0x00000000df400000,0x00000000df400000,0x00000000dfd00000)
  to   space 9728K, 0% used [0x00000000dea00000,0x00000000dea00000,0x00000000df380000)
 ParOldGen       total 52224K, used 7517K [0x0000000084a00000, 0x0000000087d00000, 0x00000000d6e00000)
  object space 52224K, 14% used [0x0000000084a00000,0x0000000085157790,0x0000000087d00000)
 Metaspace       used 20803K, capacity 21140K, committed 21248K, reserved 1067008K
  class space    used 2674K, capacity 2793K, committed 2816K, reserved 1048576K
}
Event: 3.760 GC heap before
{Heap before GC invocations=8 (full 1):
 PSYoungGen      total 136192K, used 126976K [0x00000000d6e00000, 0x00000000dfd00000, 0x0000000100000000)
  eden space 126976K, 100% used [0x00000000d6e00000,0x00000000dea00000,0x00000000dea00000)
  from space 9216K, 0% used [0x00000000df400000,0x00000000df400000,0x00000000dfd00000)
  to   space 9728K, 0% used [0x00000000dea00000,0x00000000dea00000,0x00000000df380000)
 ParOldGen       total 52224K, used 7517K [0x0000000084a00000, 0x0000000087d00000, 0x00000000d6e00000)
  object space 52224K, 14% used [0x0000000084a00000,0x0000000085157790,0x0000000087d00000)
 Metaspace       used 24270K, capacity 24742K, committed 25088K, reserved 1071104K
  class space    used 3178K, capacity 3292K, committed 3328K, reserved 1048576K
Event: 3.769 GC heap after
Heap after GC invocations=8 (full 1):
 PSYoungGen      total 136704K, used 8487K [0x00000000d6e00000, 0x00000000e5480000, 0x0000000100000000)
  eden space 126976K, 0% used [0x00000000d6e00000,0x00000000d6e00000,0x00000000dea00000)
  from space 9728K, 87% used [0x00000000dea00000,0x00000000df249f60,0x00000000df380000)
  to   space 10240K, 0% used [0x00000000e4a80000,0x00000000e4a80000,0x00000000e5480000)
 ParOldGen       total 52224K, used 7517K [0x0000000084a00000, 0x0000000087d00000, 0x00000000d6e00000)
  object space 52224K, 14% used [0x0000000084a00000,0x0000000085157790,0x0000000087d00000)
 Metaspace       used 24270K, capacity 24742K, committed 25088K, reserved 1071104K
  class space    used 3178K, capacity 3292K, committed 3328K, reserved 1048576K
}
Event: 4.499 GC heap before
{Heap before GC invocations=9 (full 1):
 PSYoungGen      total 136704K, used 135432K [0x00000000d6e00000, 0x00000000e5480000, 0x0000000100000000)
  eden space 126976K, 99% used [0x00000000d6e00000,0x00000000de9f8168,0x00000000dea00000)
  from space 9728K, 87% used [0x00000000dea00000,0x00000000df249f60,0x00000000df380000)
  to   space 10240K, 0% used [0x00000000e4a80000,0x00000000e4a80000,0x00000000e5480000)
 ParOldGen       total 52224K, used 7517K [0x0000000084a00000, 0x0000000087d00000, 0x00000000d6e00000)
  object space 52224K, 14% used [0x0000000084a00000,0x0000000085157790,0x0000000087d00000)
 Metaspace       used 27775K, capacity 28246K, committed 28672K, reserved 1075200K
  class space    used 3633K, capacity 3748K, committed 3840K, reserved 1048576K
Event: 4.512 GC heap after
Heap after GC invocations=9 (full 1):
 PSYoungGen      total 222208K, used 10233K [0x00000000d6e00000, 0x00000000e5700000, 0x0000000100000000)
  eden space 211968K, 0% used [0x00000000d6e00000,0x00000000d6e00000,0x00000000e3d00000)
  from space 10240K, 99% used [0x00000000e4a80000,0x00000000e547e708,0x00000000e5480000)
  to   space 13312K, 0% used [0x00000000e3d00000,0x00000000e3d00000,0x00000000e4a00000)
 ParOldGen       total 52224K, used 11244K [0x0000000084a00000, 0x0000000087d00000, 0x00000000d6e00000)
  object space 52224K, 21% used [0x0000000084a00000,0x00000000854fb1a0,0x0000000087d00000)
 Metaspace       used 27775K, capacity 28246K, committed 28672K, reserved 1075200K
  class space    used 3633K, capacity 3748K, committed 3840K, reserved 1048576K
}
Event: 5.831 GC heap before
{Heap before GC invocations=10 (full 1):
 PSYoungGen      total 222208K, used 222201K [0x00000000d6e00000, 0x00000000e5700000, 0x0000000100000000)
  eden space 211968K, 100% used [0x00000000d6e00000,0x00000000e3d00000,0x00000000e3d00000)
  from space 10240K, 99% used [0x00000000e4a80000,0x00000000e547e708,0x00000000e5480000)
  to   space 13312K, 0% used [0x00000000e3d00000,0x00000000e3d00000,0x00000000e4a00000)
 ParOldGen       total 52224K, used 11244K [0x0000000084a00000, 0x0000000087d00000, 0x00000000d6e00000)
  object space 52224K, 21% used [0x0000000084a00000,0x00000000854fb1a0,0x0000000087d00000)
 Metaspace       used 33346K, capacity 33884K, committed 34304K, reserved 1079296K
  class space    used 4370K, capacity 4501K, committed 4608K, reserved 1048576K
Event: 5.851 GC heap after
Heap after GC invocations=10 (full 1):
 PSYoungGen      total 225280K, used 13305K [0x00000000d6e00000, 0x00000000eaf00000, 0x0000000100000000)
  eden space 211968K, 0% used [0x00000000d6e00000,0x00000000d6e00000,0x00000000e3d00000)
  from space 13312K, 99% used [0x00000000e3d00000,0x00000000e49fe690,0x00000000e4a00000)
  to   space 17920K, 0% used [0x00000000e9d80000,0x00000000e9d80000,0x00000000eaf00000)
 ParOldGen       total 52224K, used 18597K [0x0000000084a00000, 0x0000000087d00000, 0x00000000d6e00000)
  object space 52224K, 35% used [0x0000000084a00000,0x0000000085c297e0,0x0000000087d00000)
 Metaspace       used 33346K, capacity 33884K, committed 34304K, reserved 1079296K
  class space    used 4370K, capacity 4501K, committed 4608K, reserved 1048576K
}
Event: 6.608 GC heap before
{Heap before GC invocations=11 (full 1):
 PSYoungGen      total 225280K, used 152480K [0x00000000d6e00000, 0x00000000eaf00000, 0x0000000100000000)
  eden space 211968K, 65% used [0x00000000d6e00000,0x00000000df5e9a38,0x00000000e3d00000)
  from space 13312K, 99% used [0x00000000e3d00000,0x00000000e49fe690,0x00000000e4a00000)
  to   space 17920K, 0% used [0x00000000e9d80000,0x00000000e9d80000,0x00000000eaf00000)
 ParOldGen       total 52224K, used 18597K [0x0000000084a00000, 0x0000000087d00000, 0x00000000d6e00000)
  object space 52224K, 35% used [0x0000000084a00000,0x0000000085c297e0,0x0000000087d00000)
 Metaspace       used 34765K, capacity 35270K, committed 35416K, reserved 1079296K
  class space    used 4566K, capacity 4684K, committed 4736K, reserved 1048576K
Event: 6.628 GC heap after
Heap after GC invocations=11 (full 1):
 PSYoungGen      total 309760K, used 10950K [0x00000000d6e00000, 0x00000000eae80000, 0x0000000100000000)
  eden space 292352K, 0% used [0x00000000d6e00000,0x00000000d6e00000,0x00000000e8b80000)
  from space 17408K, 62% used [0x00000000e9d80000,0x00000000ea831ad0,0x00000000eae80000)
  to   space 17920K, 0% used [0x00000000e8b80000,0x00000000e8b80000,0x00000000e9d00000)
 ParOldGen       total 52224K, used 26559K [0x0000000084a00000, 0x0000000087d00000, 0x00000000d6e00000)
  object space 52224K, 50% used [0x0000000084a00000,0x00000000863eff88,0x0000000087d00000)
 Metaspace       used 34765K, capacity 35270K, committed 35416K, reserved 1079296K
  class space    used 4566K, capacity 4684K, committed 4736K, reserved 1048576K
}
Event: 6.628 GC heap before
{Heap before GC invocations=12 (full 2):
 PSYoungGen      total 309760K, used 10950K [0x00000000d6e00000, 0x00000000eae80000, 0x0000000100000000)
  eden space 292352K, 0% used [0x00000000d6e00000,0x00000000d6e00000,0x00000000e8b80000)
  from space 17408K, 62% used [0x00000000e9d80000,0x00000000ea831ad0,0x00000000eae80000)
  to   space 17920K, 0% used [0x00000000e8b80000,0x00000000e8b80000,0x00000000e9d00000)
 ParOldGen       total 52224K, used 26559K [0x0000000084a00000, 0x0000000087d00000, 0x00000000d6e00000)
  object space 52224K, 50% used [0x0000000084a00000,0x00000000863eff88,0x0000000087d00000)
 Metaspace       used 34765K, capacity 35270K, committed 35416K, reserved 1079296K
  class space    used 4566K, capacity 4684K, committed 4736K, reserved 1048576K

